
ROM used: 3814 (6%)
          3814 (6%) including unused fragments

          4 Average locations per line
          17 Average locations per statement

RAM used: 40 (1%) at main() level
          78 (2%) worst case

Stack used: 9 worst case (out of 31 total available)

Lines Stmts  %   Files
----- ----- ---  -----
  237   154  69  main - copia.c
   31     0   0  main.h
  457     0   0  ..\..\..\..\..\..\..\Program Files (x86)\PICC\devices\18F4620.h
   16     0   0  hw.h
  238    69  31  flex_lcd.c
----- -----
  979   223 Total

Page ROM  %  RAM   Vol Diff  Functions:
---- --- --- ---   --- ----  ----------
0     38   0   1             @delay_ms1
0     30   0   0             @const66
0     64   1   1   328  2.7  lcd_send_nibble
0     50   1   1   362  2.3  lcd_read_nibble
0     36   0   3   165  3.3  lcd_read_byte
0     66   1   3   319  4.1  lcd_send_byte
0     88   1   2   384  4.4  lcd_init
0     34   0   4   186  5.5  lcd_gotoxy
0     68   1   1   275  3.9  lcd_putc
0    118   2   5   521  9.8  CheckBut
0     54   1   3   219  3.0  WriteConfig
0     40   1   3             @DIV88
0    104   1   2             @PRINTF_U_88
0   1036  14   5  3296 11.1  Update
0     54   1   2             @ITOF
0    242   3  11             @MULFF
0    346   5  14             @DIVFF
0    118   2  10             @FLT
0     22   0   0             @const149
0     64   1   5             @FTOSD
0    122   2  13             @DIV3232
0    382   5  13             @PRINTF_L32D_88FPFPF
0     32   0   3             @PSTRINGCN_88
0     46   1   0             @goto10344
0     44   1   0             @goto10355
0      8   0   0             @const165
0     32   0   2             @PSTRINGC_88
0      8   0   0             @const167
0      8   0   0             @const168
0      8   0   0             @const169
0     32   0   0   158  3.5  TIMER2_isr
0    274   4   0  1066  5.8  MAIN

Program metrics:
    Functions               12
    Statements              223
    Comments                169
    Volume (V)              10842
    Difficilty (D)          57.4
    Effort to implement (E) 622219
    Time to implement (T)   9 hours, 36 minutes
    Est Delivered Bugs (B)  2
    Cyclomatic Complexity   52
    Maintainability (MI)    65

 Segment     Used  Free
-----------  ----  ----
00000-00002     4  0  
00004-00006     0  4  
00008-00094   142  0  
00096-0FFFE  3668  61718  



