
ROM used:   3808/65536 (6%)
            3808/65536 (6%) including unused fragments

            2.7 Average locations per line
            16.9 Average locations per statement

RAM used:   47/3968 (1%) at main() level
            83/3968 (2%) worst case

Stack used: 6 worst case (5 in main + 1 for interrupts)
Stack size: 31

Lines Stmts  %   Files
----- ----- ---  -----
  239   156  69  Posible codigo principal.c
   31     0   0  main.h
  865     0   0  ..\..\..\..\..\..\..\Program Files (x86)\PICC\Devices\18F4620.h
   16     0   0  hw.h
  238    69  31  flex_lcd.c
----- -----
 1389   225 Total

Page ROM  %  RAM    Vol Diff  Functions:
---- --- --- ---    --- ----  ----------
0     38   0    1             @delay_ms1
0     20   0    0             @const699
0     64   1    1    328  2.7  lcd_send_nibble
0     50   1    1    362  2.3  lcd_read_nibble
0     36   0    3    165  3.3  lcd_read_byte
0     66   1    3    319  4.1  lcd_send_byte
0     78   1    2    384  4.4  lcd_init
0     34   0    4    186  5.5  lcd_gotoxy
0     66   1    1    275  3.9  lcd_putc
0    114   1    5    521  9.8  CheckBut
0     54   1    3    223  3.0  WriteConfig
0     40   1    3             @DIV88
0    104   1    2             @PRINTF_U_721
0   1026  13   14   3296 11.1  Update
0     54   1    2             @ITOF
0    242   3   11             @MULFF
0    346   5   14             @DIVFF
0    118   2   10             @FLT
0     22   0    0             @const782
0     30   0    3             @PSTRINGCN_721
0     64   1    5             @FTOSD
0    142   2   13             @DIV3232
0    376   5   13             @PRINTF_L32D_721FPFPF
0     36   0    0             @goto13736
0     34   0    0             @goto13747
0      8   0    0             @const798
0     32   0    2             @PSTRINGC_721
0      8   0    0             @const803
0      8   0    0             @const804
0      8   0    0             @const805
0     32   0    0    158  3.5  TIMER2_isr
0    288   4    2   1144  5.9  MAIN
 Inline         0             @cinit1

Program metrics:
    Functions               12
    Statements              225
    Comments                220
    Volume (V)              10960
    Difficulty (D)          57.3
    Effort to implement (E) 628316
    Time to implement (T)   9 hours, 42 minutes
    Est Delivered Bugs (B)  2
    Cyclomatic Complexity   52
    Maintainability (MI)    104

 Segment     Used  Free
-----------  ----  ----
00000-00002     4  0  
00004-00006     0  4  
00008-000AC   166  0  
000AE-0FFFE  3638  61724  



