
ROM used:   2378/65536 (4%)
            2378/65536 (4%) including unused fragments

            1.8 Average locations per line
            14.7 Average locations per statement

RAM used:   51/3968 (1%) at main() level
            78/3968 (2%) worst case

Stack used: 6 worst case (5 in main + 1 for interrupts)
Stack size: 31

Lines Stmts  %   Files
----- ----- ---  -----
  157    93  57  tuvieja.c
   31     0   0  main.h
  865     0   0  ..\..\..\..\..\..\..\Program Files (x86)\PICC\Devices\18F4620.h
   16     0   0  hw.h
  238    69  43  flex_lcd.c
----- -----
 1307   162 Total

Page ROM  %  RAM    Vol Diff  Functions:
---- --- --- ---    --- ----  ----------
0     38   1    1             @delay_ms1
0     20   0    0             @const699
0     64   1    1    328  2.7  lcd_send_nibble
0     50   1    1    362  2.3  lcd_read_nibble
0     36   1    3    165  3.3  lcd_read_byte
0     66   1    3    319  4.1  lcd_send_byte
0     78   2    2    384  4.4  lcd_init
0     34   1    4    186  5.5  lcd_gotoxy
0     66   1    1    275  3.9  lcd_putc
0    568  12   15   1966  8.8  Update
0     54   1    2             @ITOF
0    242   5   11             @MULFF
0    346   7   14             @DIVFF
0     56   1    4             @SFTOI
0     34   1    0             @const773
0     30   1    3             @PSTRINGCN_721
0     40   1    3             @DIV88
0    102   2    2             @PRINTF_U_721
0     42   1    0    204  4.9  TIMER2_isr
0    242   5    3    777  5.3  MAIN
 Inline         0             @cinit1

Program metrics:
    Functions               10
    Statements              162
    Comments                205
    Volume (V)              7471
    Difficulty (D)          44.6
    Effort to implement (E) 333202
    Time to implement (T)   5 hours, 9 minutes
    Est Delivered Bugs (B)  2
    Cyclomatic Complexity   17
    Maintainability (MI)    124

 Segment     Used  Free
-----------  ----  ----
00000-00002     4  0  
00004-00006     0  4  
00008-000AC   166  0  
000AE-0FFFE  2208  63154  



